<?xml version="1.0" encoding="UTF-8"?>
<!-- Generated by org.testng.reporters.JUnitReportReporter -->
<testsuite hostname="LAPTOP-8VN8D2U4" failures="0" tests="3" name="local.Testn" time="0.034" errors="0" timestamp="2022-03-26T14:40:25 EDT" skipped="0">
  <testcase classname="local.Testn" name="writetestcase" time="0.030"/>
  <system-out/>
  <testcase classname="local.Testn" name="executetest" time="0.001"/>
  <system-out/>
  <testcase classname="local.Testn" name="defectlog" time="0.003"/>
  <system-out/>
</testsuite> <!-- local.Testn -->
