<?xml version="1.0" encoding="UTF-8"?>
<!-- Generated by org.testng.reporters.JUnitReportReporter -->
<testsuite hostname="LAPTOP-8VN8D2U4" failures="0" tests="3" name="local.TestnewNG" time="0.009" errors="0" timestamp="2022-03-26T15:22:08 EDT" skipped="0">
  <testcase classname="local.TestnewNG" name="Writetestcase" time="0.006"/>
  <system-out/>
  <testcase classname="local.TestnewNG" name="Executetestcases" time="0.001"/>
  <system-out/>
  <testcase classname="local.TestnewNG" name="Defect" time="0.002"/>
  <system-out/>
</testsuite> <!-- local.TestnewNG -->
