<?xml version="1.0" encoding="UTF-8"?>
<!-- Generated by org.testng.reporters.JUnitReportReporter -->
<testsuite hostname="LAPTOP-8VN8D2U4" failures="0" tests="1" name="local.Testngparameterization" time="0.000" errors="0" timestamp="2022-03-26T12:32:02 EDT" skipped="1">
  <testcase classname="local.Testngparameterization" name="Display" time="0.000">
    <skipped/>
  </testcase> <!-- Display -->
  <system-out/>
</testsuite> <!-- local.Testngparameterization -->
